0 info it worked if it ends with ok
1 verbose cli [ '/usr/local/bin/node', '/usr/local/bin/npm', 'run', 'dev' ]
2 info using npm@3.10.10
3 info using node@v6.11.5
4 verbose stack Error: Failed to parse json
4 verbose stack Unexpected token 'd' at 8:6
4 verbose stack     "dev": "nodemon server.js"
4 verbose stack      ^
4 verbose stack     at parseError (/usr/local/lib/node_modules/npm/node_modules/read-package-json/read-json.js:390:11)
4 verbose stack     at parseJson (/usr/local/lib/node_modules/npm/node_modules/read-package-json/read-json.js:79:23)
4 verbose stack     at /usr/local/lib/node_modules/npm/node_modules/read-package-json/read-json.js:48:5
4 verbose stack     at /usr/local/lib/node_modules/npm/node_modules/graceful-fs/graceful-fs.js:78:16
4 verbose stack     at tryToString (fs.js:457:3)
4 verbose stack     at FSReqWrap.readFileAfterClose [as oncomplete] (fs.js:444:12)
5 verbose cwd /home/akhil/cmpe281_project/Code/Akhil_Bhavirisetty/myFirst_RESTAPI
6 error Linux 4.10.0-37-generic
7 error argv "/usr/local/bin/node" "/usr/local/bin/npm" "run" "dev"
8 error node v6.11.5
9 error npm  v3.10.10
10 error file /home/akhil/cmpe281_project/Code/Akhil_Bhavirisetty/myFirst_RESTAPI/package.json
11 error code EJSONPARSE
12 error Failed to parse json
12 error Unexpected token 'd' at 8:6
12 error     "dev": "nodemon server.js"
12 error      ^
13 error File: /home/akhil/cmpe281_project/Code/Akhil_Bhavirisetty/myFirst_RESTAPI/package.json
14 error Failed to parse package.json data.
14 error package.json must be actual JSON, not just JavaScript.
14 error
14 error This is not a bug in npm.
14 error Tell the package author to fix their package.json file. JSON.parse
15 verbose exit [ 1, true ]
